<?xml version="1.0" encoding="utf-8"?><testsuites name="pytest tests"><testsuite name="pytest" errors="0" failures="0" skipped="0" tests="12" time="2.137" timestamp="2026-09-02T03:51:03.919094+00:00" hostname="agent-env-062d49dc-752c-4cff-997a-dc8ab455c8fc"><testcase classname="tests.test_buyer_recap" name="test_buyer_recap_basic_shape" time="0.565" /><testcase classname="tests.test_buyer_recap" name="test_buyer_recap_no_forbidden_keys" time="0.073" /><testcase classname="tests.test_buyer_recap" name="test_buyer_recap_no_rp_in_body" time="0.081" /><testcase classname="tests.test_buyer_recap" name="test_buyer_recap_group_structure" time="0.077" /><testcase classname="tests.test_buyer_recap" name="test_buyer_recap_totals_consistent" time="0.074" /><testcase classname="tests.test_buyer_recap" name="test_buyer_recap_empty_customer_grouped_as_pelanggan_umum" time="0.174" /><testcase classname="tests.test_buyer_recap" name="test_buyer_recap_named_customers_present" time="0.150" /><testcase classname="tests.test_buyer_recap" name="test_buyer_recap_aggregation_matches" time="0.151" /><testcase classname="tests.test_buyer_recap" name="test_buyer_recap_merges_same_buyer" time="0.075" /><testcase classname="tests.test_buyer_recap" name="test_buyer_recap_item_dedup_per_buyer" time="0.074" /><testcase classname="tests.test_buyer_recap" name="test_buyer_recap_date_filter" time="0.229" /><testcase classname="tests.test_buyer_recap" name="test_buyer_recap_expected_seed_buyers" time="0.077" /></testsuite></testsuites>