<?xml version="1.0" encoding="utf-8"?><testsuites name="pytest tests"><testsuite name="pytest" errors="0" failures="0" skipped="0" tests="5" time="1.279" timestamp="2026-09-02T08:43:00.586342+00:00" hostname="agent-env-062d49dc-752c-4cff-997a-dc8ab455c8fc"><testcase classname="tests.test_dashboard_range" name="test_default_today" time="0.565" /><testcase classname="tests.test_dashboard_range" name="test_full_range_equals_all_time" time="0.062" /><testcase classname="tests.test_dashboard_range" name="test_series_and_top_from_period" time="0.065" /><testcase classname="tests.test_dashboard_range" name="test_backward_compat_aliases" time="0.063" /><testcase classname="tests.test_dashboard_range" name="test_invalid_dates_no_500" time="0.058" /></testsuite></testsuites>