<?xml version="1.0" encoding="utf-8"?><testsuites name="pytest tests"><testsuite name="pytest" errors="0" failures="0" skipped="0" tests="3" time="1.582" timestamp="2026-09-02T04:22:36.518200+00:00" hostname="agent-env-062d49dc-752c-4cff-997a-dc8ab455c8fc"><testcase classname="tests.test_transaction_delete" name="test_delete_transaction_restores_stock_and_history" time="1.092" /><testcase classname="tests.test_transaction_delete" name="test_delete_transaction_not_found" time="0.088" /><testcase classname="tests.test_transaction_delete" name="test_buyer_recap_no_price_fields" time="0.089" /></testsuite></testsuites>