<?xml version="1.0" encoding="utf-8"?><testsuites name="pytest tests"><testsuite name="pytest" errors="0" failures="0" skipped="0" tests="4" time="3.368" timestamp="2026-09-03T15:14:25.502050+00:00" hostname="agent-env-062d49dc-752c-4cff-997a-dc8ab455c8fc"><testcase classname="tests.test_incomes_cashflow" name="test_incomes_list_ok" time="0.925" /><testcase classname="tests.test_incomes_cashflow" name="test_income_create_get_delete" time="1.406" /><testcase classname="tests.test_incomes_cashflow" name="test_incomes_require_auth" time="0.434" /><testcase classname="tests.test_incomes_cashflow" name="test_cashflow_summary_shape" time="0.193" /></testsuite></testsuites>