<?xml version="1.0" encoding="utf-8"?><testsuites name="pytest tests"><testsuite name="pytest" errors="0" failures="0" skipped="0" tests="6" time="6.396" timestamp="2026-09-02T03:14:31.973120+00:00" hostname="agent-env-062d49dc-752c-4cff-997a-dc8ab455c8fc"><testcase classname="tests.test_transaction_edit" name="test_edit_transaction_preserves_historical_price_and_adjusts_stock" time="1.678" /><testcase classname="tests.test_transaction_edit" name="test_edit_empty_items_returns_400" time="0.425" /><testcase classname="tests.test_transaction_edit" name="test_edit_all_zero_qty_returns_400" time="0.686" /><testcase classname="tests.test_transaction_edit" name="test_edit_add_new_item_returns_400" time="0.242" /><testcase classname="tests.test_transaction_edit" name="test_edit_exceed_stock_returns_400" time="1.378" /><testcase classname="tests.test_transaction_edit" name="test_edit_qty_zero_removes_item_and_returns_stock" time="1.672" /></testsuite></testsuites>