<?xml version="1.0" encoding="utf-8"?><testsuites name="pytest tests"><testsuite name="pytest" errors="0" failures="0" skipped="0" tests="8" time="1.867" timestamp="2026-09-02T03:25:33.010509+00:00" hostname="agent-env-062d49dc-752c-4cff-997a-dc8ab455c8fc"><testcase classname="tests.test_supplier_recap" name="test_supplier_recap_basic_shape" time="0.698" /><testcase classname="tests.test_supplier_recap" name="test_supplier_recap_no_price_fields_anywhere" time="0.070" /><testcase classname="tests.test_supplier_recap" name="test_supplier_recap_no_rp_or_numbers_that_look_like_prices" time="0.070" /><testcase classname="tests.test_supplier_recap" name="test_supplier_recap_group_structure" time="0.072" /><testcase classname="tests.test_supplier_recap" name="test_supplier_recap_at_least_one_group" time="0.069" /><testcase classname="tests.test_supplier_recap" name="test_supplier_recap_totals_are_consistent" time="0.069" /><testcase classname="tests.test_supplier_recap" name="test_supplier_recap_date_filter_narrows_results" time="0.209" /><testcase classname="tests.test_supplier_recap" name="test_supplier_recap_aggregation_matches_transactions" time="0.288" /></testsuite></testsuites>