<?xml version="1.0" encoding="utf-8"?><testsuites name="pytest tests"><testsuite name="pytest" errors="0" failures="0" skipped="0" tests="7" time="2.033" timestamp="2026-09-02T04:05:34.279205+00:00" hostname="agent-env-062d49dc-752c-4cff-997a-dc8ab455c8fc"><testcase classname="tests.test_recap_description.TestSupplierRecap" name="test_response_shape_and_no_price" time="0.700" /><testcase classname="tests.test_recap_description.TestSupplierRecap" name="test_notes_join" time="0.060" /><testcase classname="tests.test_recap_description.TestBuyerRecap" name="test_response_shape_and_no_price" time="0.802" /><testcase classname="tests.test_recap_description.TestSupplierRecap" name="test_description_not_from_product_description" time="0.104" /><testcase classname="tests.test_recap_description.TestBuyerRecap" name="test_known_notes" time="0.086" /><testcase classname="tests.test_recap_description.TestBuyerRecap" name="test_two_transactions_notes_joined_with_bullet" time="0.664" /><testcase classname="tests.test_recap_description.TestBuyerRecap" name="test_description_never_equals_product_description" time="0.168" /></testsuite></testsuites>