<?xml version="1.0" encoding="utf-8"?><testsuites name="pytest tests"><testsuite name="pytest" errors="0" failures="0" skipped="0" tests="16" time="10.288" timestamp="2026-09-02T04:50:56.989614+00:00" hostname="agent-env-062d49dc-752c-4cff-997a-dc8ab455c8fc"><testcase classname="tests.test_whatsapp_fonnte.TestWebhookFonnte" name="test_bad_format_two_parts" time="0.187" /><testcase classname="tests.test_whatsapp_fonnte.TestPhoneNormalization" name="test_various_phone_formats_reach_fonnte_layer[081234567890]" time="3.002" /><testcase classname="tests.test_whatsapp_fonnte.TestWebhookFonnte" name="test_non_integer_quantity" time="0.719" /><testcase classname="tests.test_whatsapp_fonnte.TestWebhookFonnte" name="test_unknown_product" time="0.129" /><testcase classname="tests.test_whatsapp_fonnte.TestWebhookFonnte" name="test_insufficient_stock" time="0.126" /><testcase classname="tests.test_whatsapp_fonnte.TestWebhookFonnte" name="test_happy_path_decrements_stock" time="0.704" /><testcase classname="tests.test_whatsapp_fonnte.TestWebhookFonnte" name="test_fuzzy_lowercase_product_and_partial_variant" time="0.377" /><testcase classname="tests.test_whatsapp_fonnte.TestWebhookFonnte" name="test_json_body_accepted" time="0.392" /><testcase classname="tests.test_whatsapp_fonnte.TestWhatsappSend" name="test_requires_auth" time="0.112" /><testcase classname="tests.test_whatsapp_fonnte.TestWhatsappSend" name="test_empty_key_returns_400" time="0.598" /><testcase classname="tests.test_whatsapp_fonnte.TestPhoneNormalization" name="test_various_phone_formats_reach_fonnte_layer[6281234567890]" time="2.168" /><testcase classname="tests.test_whatsapp_fonnte.TestWhatsappSend" name="test_invalid_key_returns_502" time="2.606" /><testcase classname="tests.test_whatsapp_fonnte.TestPhoneNormalization" name="test_various_phone_formats_reach_fonnte_layer[+6281234567890]" time="1.744" /><testcase classname="tests.test_whatsapp_fonnte.TestSettingsFonnte" name="test_get_settings_has_fonnte_defaults" time="0.137" /><testcase classname="tests.test_whatsapp_fonnte.TestSettingsFonnte" name="test_put_settings_persists_fonnte" time="0.492" /><testcase classname="tests.test_whatsapp_fonnte.TestPhoneNormalization" name="test_various_phone_formats_reach_fonnte_layer[8123456789]" time="3.004" /></testsuite></testsuites>